<?xml version="1.0" encoding="UTF-8"?>
<!-- Generated by org.testng.reporters.JUnitXMLReporter -->
<testsuite hostname="DESKTOP-4RLKFEF" ignored="3" name="ChromeTest" tests="27" failures="2" timestamp="2022-03-29T17:09:04 IST" time="117.978" errors="0">
  <testcase name="verifyLoginPageMandatoryValidations" time="0.79" classname="TestCases.Login"/>
  <testcase name="verifyLogin" time="3.191" classname="TestCases.Login"/>
  <testcase name="verifyTitleVerification" time="0.063" classname="TestCases.Login"/>
  <testcase name="verifyApplication_UrlVerification" time="0.064" classname="TestCases.Login"/>
  <testcase name="verifyApplicationLogoIsPresent" time="0.179" classname="TestCases.Dashboard"/>
  <testcase name="verifyAllTheTabsArePresent" time="0.969" classname="TestCases.Dashboard"/>
  <testcase name="verifyAllHeaderbuttonsPresent" time="0.371" classname="TestCases.Dashboard"/>
  <testcase name="verifyAdminDetails" time="2.54" classname="TestCases.Dashboard"/>
  <testcase name="verifyClientTabSubTabs" time="0.2" classname="TestCases.ClientTab">
    <failure type="org.openqa.selenium.NoSuchElementException" message="no such element: Unable to locate element: {&amp;quot;method&amp;quot;:&amp;quot;xpath&amp;quot;,&amp;quot;selector&amp;quot;:&amp;quot;//a[contains(text(),&amp;apos;Clients&amp;apos;)]&amp;quot;}
  (Session info: chrome=99.0.4844.82)
For documentation on this error, please visit: https://www.seleniumhq.org/exceptions/no_such_element.html
Build info: version: &amp;apos;3.141.59&amp;apos;, revision: &amp;apos;e82be7d358&amp;apos;, time: &amp;apos;2018-11-14T08:17:03&amp;apos;
System info: host: &amp;apos;DESKTOP-4RLKFEF&amp;apos;, ip: &amp;apos;10.212.134.116&amp;apos;, os.name: &amp;apos;Windows 10&amp;apos;, os.arch: &amp;apos;amd64&amp;apos;, os.version: &amp;apos;10.0&amp;apos;, java.version: &amp;apos;1.8.0_202&amp;apos;
Driver info: org.openqa.selenium.chrome.ChromeDriver
Capabilities {acceptInsecureCerts: false, browserName: chrome, browserVersion: 99.0.4844.82, chrome: {chromedriverVersion: 99.0.4844.51 (d537ec02474b5..., userDataDir: C:\Users\HP\AppData\Local\T...}, goog:chromeOptions: {debuggerAddress: localhost:56340}, javascriptEnabled: true, networkConnectionEnabled: false, pageLoadStrategy: normal, platform: WINDOWS, platformName: WINDOWS, proxy: Proxy(), setWindowRect: true, strictFileInteractability: false, timeouts: {implicit: 0, pageLoad: 300000, script: 30000}, unhandledPromptBehavior: dismiss and notify, webauthn:extension:credBlob: true, webauthn:extension:largeBlob: true, webauthn:virtualAuthenticators: true}
Session ID: 43a46ce77b32ab5b000d19fd4c712b31
*** Element info: {Using=xpath, value=//a[contains(text(),&amp;apos;Clients&amp;apos;)]}">
      <![CDATA[org.openqa.selenium.NoSuchElementException: no such element: Unable to locate element: {"method":"xpath","selector":"//a[contains(text(),'Clients')]"}
  (Session info: chrome=99.0.4844.82)
For documentation on this error, please visit: https://www.seleniumhq.org/exceptions/no_such_element.html
Build info: version: '3.141.59', revision: 'e82be7d358', time: '2018-11-14T08:17:03'
System info: host: 'DESKTOP-4RLKFEF', ip: '10.212.134.116', os.name: 'Windows 10', os.arch: 'amd64', os.version: '10.0', java.version: '1.8.0_202'
Driver info: org.openqa.selenium.chrome.ChromeDriver
Capabilities {acceptInsecureCerts: false, browserName: chrome, browserVersion: 99.0.4844.82, chrome: {chromedriverVersion: 99.0.4844.51 (d537ec02474b5..., userDataDir: C:\Users\HP\AppData\Local\T...}, goog:chromeOptions: {debuggerAddress: localhost:56340}, javascriptEnabled: true, networkConnectionEnabled: false, pageLoadStrategy: normal, platform: WINDOWS, platformName: WINDOWS, proxy: Proxy(), setWindowRect: true, strictFileInteractability: false, timeouts: {implicit: 0, pageLoad: 300000, script: 30000}, unhandledPromptBehavior: dismiss and notify, webauthn:extension:credBlob: true, webauthn:extension:largeBlob: true, webauthn:virtualAuthenticators: true}
Session ID: 43a46ce77b32ab5b000d19fd4c712b31
*** Element info: {Using=xpath, value=//a[contains(text(),'Clients')]}
at org.openqa.selenium.remote.http.W3CHttpResponseCodec.createException(W3CHttpResponseCodec.java:187)
at org.openqa.selenium.remote.http.W3CHttpResponseCodec.decode(W3CHttpResponseCodec.java:122)
at org.openqa.selenium.remote.http.W3CHttpResponseCodec.decode(W3CHttpResponseCodec.java:49)
at org.openqa.selenium.remote.HttpCommandExecutor.execute(HttpCommandExecutor.java:158)
at org.openqa.selenium.remote.service.DriverCommandExecutor.execute(DriverCommandExecutor.java:83)
at org.openqa.selenium.remote.RemoteWebDriver.execute(RemoteWebDriver.java:552)
at org.openqa.selenium.remote.RemoteWebDriver.findElement(RemoteWebDriver.java:323)
at org.openqa.selenium.remote.RemoteWebDriver.findElementByXPath(RemoteWebDriver.java:428)
at org.openqa.selenium.By$ByXPath.findElement(By.java:353)
at org.openqa.selenium.remote.RemoteWebDriver.findElement(RemoteWebDriver.java:315)
at org.openqa.selenium.support.pagefactory.DefaultElementLocator.findElement(DefaultElementLocator.java:69)
at org.openqa.selenium.support.pagefactory.internal.LocatingElementHandler.invoke(LocatingElementHandler.java:38)
at com.sun.proxy.$Proxy21.isDisplayed(Unknown Source)
at Pages.ClientPage.subTabsPresent(ClientPage.java:196)
at TestCases.ClientTab.verifyClientTabSubTabs(ClientTab.java:21)
at java.util.ArrayList.forEach(ArrayList.java:1257)
... Removed 31 stack frames]]>
    </failure>
  </testcase> <!-- verifyClientTabSubTabs -->
  <testcase name="verifyAddClientPopupMandatoryValidations" time="6.156" classname="TestCases.ClientTab"/>
  <testcase name="verifyAddingNewClient" time="4.836" classname="TestCases.ClientTab"/>
  <testcase name="verifySearchingNewlyAddedClient" time="4.871" classname="TestCases.ClientTab"/>
  <testcase name="verifyEditingClient" time="3.183" classname="TestCases.ClientTab"/>
  <testcase name="verifyDeletingClient" time="4.845" classname="TestCases.ClientTab"/>
  <testcase name="verifyAddingMultipleContacts" time="10.368" classname="TestCases.ClientTab"/>
  <testcase name="verifySearchingMultipleContacts" time="3.178" classname="TestCases.ClientTab"/>
  <testcase name="verifyDeletingMultipleContacts" time="0.392" classname="TestCases.ClientTab"/>
  <testcase name="verifyAddingNewLabel" time="4.404" classname="TestCases.ProjectTab"/>
  <testcase name="verifyDeletinglabel" time="0.41" classname="TestCases.ProjectTab"/>
  <testcase name="verifyAddProjectMandatoryValidations" time="4.033" classname="TestCases.ProjectTab"/>
  <testcase name="verifyAddingNewProject" time="2.962" classname="TestCases.ProjectTab"/>
  <testcase name="verifySearchingNewlyAddedProject" time="0.675" classname="TestCases.ProjectTab"/>
  <testcase name="verifyEditingProject" time="3.414" classname="TestCases.ProjectTab"/>
  <testcase name="verifyDeletingProject" time="3.802" classname="TestCases.ProjectTab"/>
  <testcase name="verifyAddTaskValidations" time="3.813" classname="TestCases.Task"/>
  <testcase name="verifyAddingNewTask" time="11.7" classname="TestCases.Task"/>
  <testcase name="verifySearchingNewlyAddedTask" time="0.571" classname="TestCases.Task">
    <failure type="java.lang.AssertionError" message="Task not added in table expected [true] but found [false]">
      <![CDATA[java.lang.AssertionError: Task not added in table expected [true] but found [false]
at TestCases.Task.verifySearchingNewlyAddedTask(Task.java:82)
at java.util.ArrayList.forEach(ArrayList.java:1257)
... Removed 30 stack frames]]>
    </failure>
  </testcase> <!-- verifySearchingNewlyAddedTask -->
  <testcase name="verifyTaskSubTabsPresent" time="0.0" classname="TestCases.Task">
    <ignored/>
  </testcase> <!-- verifyTaskSubTabsPresent -->
  <testcase name="verifyTaskTabsHeaderbtnsPresent" time="0.0" classname="TestCases.Task">
    <ignored/>
  </testcase> <!-- verifyTaskTabsHeaderbtnsPresent -->
  <testcase name="verifyImportClient" time="0.0" classname="TestCases.ClientTab">
    <ignored/>
  </testcase> <!-- verifyImportClient -->
</testsuite> <!-- ChromeTest -->
