<html>
<head>
<title>TestNG:  ChromeTest</title>
<link href="../testng.css" rel="stylesheet" type="text/css" />
<link href="../my-testng.css" rel="stylesheet" type="text/css" />

<style type="text/css">
.log { display: none;} 
.stack-trace { display: none;} 
</style>
<script type="text/javascript">
<!--
function flip(e) {
  current = e.style.display;
  if (current == 'block') {
    e.style.display = 'none';
    return 0;
  }
  else {
    e.style.display = 'block';
    return 1;
  }
}

function toggleBox(szDivId, elem, msg1, msg2)
{
  var res = -1;  if (document.getElementById) {
    res = flip(document.getElementById(szDivId));
  }
  else if (document.all) {
    // this is the way old msie versions work
    res = flip(document.all[szDivId]);
  }
  if(elem) {
    if(res == 0) elem.innerHTML = msg1; else elem.innerHTML = msg2;
  }

}

function toggleAllBoxes() {
  if (document.getElementsByTagName) {
    d = document.getElementsByTagName('div');
    for (i = 0; i < d.length; i++) {
      if (d[i].className == 'log') {
        flip(d[i]);
      }
    }
  }
}

// -->
</script>

</head>
<body>
<h2 align='center'>ChromeTest</h2><table border='1' align="center">
<tr>
<td>Tests passed/Failed/Skipped:</td><td>25/2/0</td>
</tr><tr>
<td>Started on:</td><td>Tue Mar 29 17:07:06 IST 2022</td>
</tr>
<tr><td>Total time:</td><td>117 seconds (117978 ms)</td>
</tr><tr>
<td>Included groups:</td><td>Functional </td>
</tr><tr>
<td>Excluded groups:</td><td></td>
</tr>
</table><p/>
<small><i>(Hover the method name to see the test class name)</i></small><p/>
<table width='100%' border='1' class='invocation-failed'>
<tr><td colspan='4' align='center'><b>FAILED TESTS</b></td></tr>
<tr><td><b>Test method</b></td>
<td width="30%"><b>Exception</b></td>
<td width="10%"><b>Time (seconds)</b></td>
<td><b>Instance</b></td>
</tr>
<tr>
<td title='TestCases.ClientTab.verifyClientTabSubTabs()'><b>verifyClientTabSubTabs</b><br>Test class: TestCases.ClientTab</td>
<td><div><pre>org.openqa.selenium.NoSuchElementException: no such element: Unable to locate element: {&quot;method&quot;:&quot;xpath&quot;,&quot;selector&quot;:&quot;//a[contains(text(),&apos;Clients&apos;)]&quot;}
  (Session info: chrome=99.0.4844.82)
For documentation on this error, please visit: https://www.seleniumhq.org/exceptions/no_such_element.html
Build info: version: &apos;3.141.59&apos;, revision: &apos;e82be7d358&apos;, time: &apos;2018-11-14T08:17:03&apos;
System info: host: &apos;DESKTOP-4RLKFEF&apos;, ip: &apos;10.212.134.116&apos;, os.name: &apos;Windows 10&apos;, os.arch: &apos;amd64&apos;, os.version: &apos;10.0&apos;, java.version: &apos;1.8.0_202&apos;
Driver info: org.openqa.selenium.chrome.ChromeDriver
Capabilities {acceptInsecureCerts: false, browserName: chrome, browserVersion: 99.0.4844.82, chrome: {chromedriverVersion: 99.0.4844.51 (d537ec02474b5..., userDataDir: C:\Users\HP\AppData\Local\T...}, goog:chromeOptions: {debuggerAddress: localhost:56340}, javascriptEnabled: true, networkConnectionEnabled: false, pageLoadStrategy: normal, platform: WINDOWS, platformName: WINDOWS, proxy: Proxy(), setWindowRect: true, strictFileInteractability: false, timeouts: {implicit: 0, pageLoad: 300000, script: 30000}, unhandledPromptBehavior: dismiss and notify, webauthn:extension:credBlob: true, webauthn:extension:largeBlob: true, webauthn:virtualAuthenticators: true}
Session ID: 43a46ce77b32ab5b000d19fd4c712b31
*** Element info: {Using=xpath, value=//a[contains(text(),&apos;Clients&apos;)]}
	at org.openqa.selenium.remote.http.W3CHttpResponseCodec.createException(W3CHttpResponseCodec.java:187)
	at org.openqa.selenium.remote.http.W3CHttpResponseCodec.decode(W3CHttpResponseCodec.java:122)
	at org.openqa.selenium.remote.http.W3CHttpResponseCodec.decode(W3CHttpResponseCodec.java:49)
	at org.openqa.selenium.remote.HttpCommandExecutor.execute(HttpCommandExecutor.java:158)
	at org.openqa.selenium.remote.service.DriverCommandExecutor.execute(DriverCommandExecutor.java:83)
	at org.openqa.selenium.remote.RemoteWebDriver.execute(RemoteWebDriver.java:552)
	at org.openqa.selenium.remote.RemoteWebDriver.findElement(RemoteWebDriver.java:323)
	at org.openqa.selenium.remote.RemoteWebDriver.findElementByXPath(RemoteWebDriver.java:428)
	at org.openqa.selenium.By$ByXPath.findElement(By.java:353)
	at org.openqa.selenium.remote.RemoteWebDriver.findElement(RemoteWebDriver.java:315)
	at org.openqa.selenium.support.pagefactory.DefaultElementLocator.findElement(DefaultElementLocator.java:69)
	at org.openqa.selenium.support.pagefactory.internal.LocatingElementHandler.invoke(LocatingElementHandler.java:38)
	at com.sun.proxy.$Proxy21.isDisplayed(Unknown Source)
	at Pages.ClientPage.subTabsPresent(ClientPage.java:196)
	at TestCases.ClientTab.verifyClientTabSubTabs(ClientTab.java:21)
	at java.util.ArrayList.forEach(ArrayList.java:1257)
... Removed 31 stack frames</pre></div><a href='#' onClick='toggleBox("stack-trace1688917723", this, "Click to show all stack frames", "Click to hide stack frames")'>Click to show all stack frames</a>
<div class='stack-trace' id='stack-trace1688917723'><pre>org.openqa.selenium.NoSuchElementException: no such element: Unable to locate element: {&quot;method&quot;:&quot;xpath&quot;,&quot;selector&quot;:&quot;//a[contains(text(),&apos;Clients&apos;)]&quot;}
  (Session info: chrome=99.0.4844.82)
For documentation on this error, please visit: https://www.seleniumhq.org/exceptions/no_such_element.html
Build info: version: &apos;3.141.59&apos;, revision: &apos;e82be7d358&apos;, time: &apos;2018-11-14T08:17:03&apos;
System info: host: &apos;DESKTOP-4RLKFEF&apos;, ip: &apos;10.212.134.116&apos;, os.name: &apos;Windows 10&apos;, os.arch: &apos;amd64&apos;, os.version: &apos;10.0&apos;, java.version: &apos;1.8.0_202&apos;
Driver info: org.openqa.selenium.chrome.ChromeDriver
Capabilities {acceptInsecureCerts: false, browserName: chrome, browserVersion: 99.0.4844.82, chrome: {chromedriverVersion: 99.0.4844.51 (d537ec02474b5..., userDataDir: C:\Users\HP\AppData\Local\T...}, goog:chromeOptions: {debuggerAddress: localhost:56340}, javascriptEnabled: true, networkConnectionEnabled: false, pageLoadStrategy: normal, platform: WINDOWS, platformName: WINDOWS, proxy: Proxy(), setWindowRect: true, strictFileInteractability: false, timeouts: {implicit: 0, pageLoad: 300000, script: 30000}, unhandledPromptBehavior: dismiss and notify, webauthn:extension:credBlob: true, webauthn:extension:largeBlob: true, webauthn:virtualAuthenticators: true}
Session ID: 43a46ce77b32ab5b000d19fd4c712b31
*** Element info: {Using=xpath, value=//a[contains(text(),&apos;Clients&apos;)]}
	at sun.reflect.NativeConstructorAccessorImpl.newInstance0(Native Method)
	at sun.reflect.NativeConstructorAccessorImpl.newInstance(NativeConstructorAccessorImpl.java:62)
	at sun.reflect.DelegatingConstructorAccessorImpl.newInstance(DelegatingConstructorAccessorImpl.java:45)
	at java.lang.reflect.Constructor.newInstance(Constructor.java:423)
	at org.openqa.selenium.remote.http.W3CHttpResponseCodec.createException(W3CHttpResponseCodec.java:187)
	at org.openqa.selenium.remote.http.W3CHttpResponseCodec.decode(W3CHttpResponseCodec.java:122)
	at org.openqa.selenium.remote.http.W3CHttpResponseCodec.decode(W3CHttpResponseCodec.java:49)
	at org.openqa.selenium.remote.HttpCommandExecutor.execute(HttpCommandExecutor.java:158)
	at org.openqa.selenium.remote.service.DriverCommandExecutor.execute(DriverCommandExecutor.java:83)
	at org.openqa.selenium.remote.RemoteWebDriver.execute(RemoteWebDriver.java:552)
	at org.openqa.selenium.remote.RemoteWebDriver.findElement(RemoteWebDriver.java:323)
	at org.openqa.selenium.remote.RemoteWebDriver.findElementByXPath(RemoteWebDriver.java:428)
	at org.openqa.selenium.By$ByXPath.findElement(By.java:353)
	at org.openqa.selenium.remote.RemoteWebDriver.findElement(RemoteWebDriver.java:315)
	at org.openqa.selenium.support.pagefactory.DefaultElementLocator.findElement(DefaultElementLocator.java:69)
	at org.openqa.selenium.support.pagefactory.internal.LocatingElementHandler.invoke(LocatingElementHandler.java:38)
	at com.sun.proxy.$Proxy21.isDisplayed(Unknown Source)
	at Pages.ClientPage.subTabsPresent(ClientPage.java:196)
	at TestCases.ClientTab.verifyClientTabSubTabs(ClientTab.java:21)
	at sun.reflect.NativeMethodAccessorImpl.invoke0(Native Method)
	at sun.reflect.NativeMethodAccessorImpl.invoke(NativeMethodAccessorImpl.java:62)
	at sun.reflect.DelegatingMethodAccessorImpl.invoke(DelegatingMethodAccessorImpl.java:43)
	at java.lang.reflect.Method.invoke(Method.java:498)
	at org.testng.internal.invokers.MethodInvocationHelper.invokeMethod(MethodInvocationHelper.java:135)
	at org.testng.internal.invokers.TestInvoker.invokeMethod(TestInvoker.java:673)
	at org.testng.internal.invokers.TestInvoker.invokeTestMethod(TestInvoker.java:220)
	at org.testng.internal.invokers.MethodRunner.runInSequence(MethodRunner.java:50)
	at org.testng.internal.invokers.TestInvoker$MethodInvocationAgent.invoke(TestInvoker.java:945)
	at org.testng.internal.invokers.TestInvoker.invokeTestMethods(TestInvoker.java:193)
	at org.testng.internal.invokers.TestMethodWorker.invokeTestMethods(TestMethodWorker.java:146)
	at org.testng.internal.invokers.TestMethodWorker.run(TestMethodWorker.java:128)
	at java.util.ArrayList.forEach(ArrayList.java:1257)
	at org.testng.TestRunner.privateRun(TestRunner.java:808)
	at org.testng.TestRunner.run(TestRunner.java:603)
	at org.testng.SuiteRunner.runTest(SuiteRunner.java:429)
	at org.testng.SuiteRunner.runSequentially(SuiteRunner.java:423)
	at org.testng.SuiteRunner.privateRun(SuiteRunner.java:383)
	at org.testng.SuiteRunner.run(SuiteRunner.java:326)
	at org.testng.SuiteRunnerWorker.runSuite(SuiteRunnerWorker.java:52)
	at org.testng.SuiteRunnerWorker.run(SuiteRunnerWorker.java:95)
	at org.testng.TestNG.runSuitesSequentially(TestNG.java:1249)
	at org.testng.TestNG.runSuitesLocally(TestNG.java:1169)
	at org.testng.TestNG.runSuites(TestNG.java:1092)
	at org.testng.TestNG.run(TestNG.java:1060)
	at org.testng.remote.AbstractRemoteTestNG.run(AbstractRemoteTestNG.java:115)
	at org.testng.remote.RemoteTestNG.initAndRun(RemoteTestNG.java:251)
	at org.testng.remote.RemoteTestNG.main(RemoteTestNG.java:77)
</pre></div></td>
<td>0</td>
<td>TestCases.ClientTab@5884a914</td></tr>
<tr>
<td title='TestCases.Task.verifySearchingNewlyAddedTask()'><b>verifySearchingNewlyAddedTask</b><br>Test class: TestCases.Task</td>
<td><div><pre>java.lang.AssertionError: Task not added in table expected [true] but found [false]
	at TestCases.Task.verifySearchingNewlyAddedTask(Task.java:82)
	at java.util.ArrayList.forEach(ArrayList.java:1257)
... Removed 30 stack frames</pre></div><a href='#' onClick='toggleBox("stack-trace333828675", this, "Click to show all stack frames", "Click to hide stack frames")'>Click to show all stack frames</a>
<div class='stack-trace' id='stack-trace333828675'><pre>java.lang.AssertionError: Task not added in table expected [true] but found [false]
	at org.testng.Assert.fail(Assert.java:110)
	at org.testng.Assert.failNotEquals(Assert.java:1413)
	at org.testng.Assert.assertTrue(Assert.java:56)
	at TestCases.Task.verifySearchingNewlyAddedTask(Task.java:82)
	at sun.reflect.NativeMethodAccessorImpl.invoke0(Native Method)
	at sun.reflect.NativeMethodAccessorImpl.invoke(NativeMethodAccessorImpl.java:62)
	at sun.reflect.DelegatingMethodAccessorImpl.invoke(DelegatingMethodAccessorImpl.java:43)
	at java.lang.reflect.Method.invoke(Method.java:498)
	at org.testng.internal.invokers.MethodInvocationHelper.invokeMethod(MethodInvocationHelper.java:135)
	at org.testng.internal.invokers.TestInvoker.invokeMethod(TestInvoker.java:673)
	at org.testng.internal.invokers.TestInvoker.invokeTestMethod(TestInvoker.java:220)
	at org.testng.internal.invokers.MethodRunner.runInSequence(MethodRunner.java:50)
	at org.testng.internal.invokers.TestInvoker$MethodInvocationAgent.invoke(TestInvoker.java:945)
	at org.testng.internal.invokers.TestInvoker.invokeTestMethods(TestInvoker.java:193)
	at org.testng.internal.invokers.TestMethodWorker.invokeTestMethods(TestMethodWorker.java:146)
	at org.testng.internal.invokers.TestMethodWorker.run(TestMethodWorker.java:128)
	at java.util.ArrayList.forEach(ArrayList.java:1257)
	at org.testng.TestRunner.privateRun(TestRunner.java:808)
	at org.testng.TestRunner.run(TestRunner.java:603)
	at org.testng.SuiteRunner.runTest(SuiteRunner.java:429)
	at org.testng.SuiteRunner.runSequentially(SuiteRunner.java:423)
	at org.testng.SuiteRunner.privateRun(SuiteRunner.java:383)
	at org.testng.SuiteRunner.run(SuiteRunner.java:326)
	at org.testng.SuiteRunnerWorker.runSuite(SuiteRunnerWorker.java:52)
	at org.testng.SuiteRunnerWorker.run(SuiteRunnerWorker.java:95)
	at org.testng.TestNG.runSuitesSequentially(TestNG.java:1249)
	at org.testng.TestNG.runSuitesLocally(TestNG.java:1169)
	at org.testng.TestNG.runSuites(TestNG.java:1092)
	at org.testng.TestNG.run(TestNG.java:1060)
	at org.testng.remote.AbstractRemoteTestNG.run(AbstractRemoteTestNG.java:115)
	at org.testng.remote.RemoteTestNG.initAndRun(RemoteTestNG.java:251)
	at org.testng.remote.RemoteTestNG.main(RemoteTestNG.java:77)
</pre></div></td>
<td>0</td>
<td>TestCases.Task@60f00693</td></tr>
</table><p>
<table width='100%' border='1' class='invocation-passed'>
<tr><td colspan='4' align='center'><b>PASSED TESTS</b></td></tr>
<tr><td><b>Test method</b></td>
<td width="30%"><b>Exception</b></td>
<td width="10%"><b>Time (seconds)</b></td>
<td><b>Instance</b></td>
</tr>
<tr>
<td title='TestCases.ClientTab.verifyEditingClient()'><b>verifyEditingClient</b><br>Test class: TestCases.ClientTab</td>
<td></td>
<td>3</td>
<td>TestCases.ClientTab@5884a914</td></tr>
<tr>
<td title='TestCases.Login.verifyTitleVerification()'><b>verifyTitleVerification</b><br>Test class: TestCases.Login</td>
<td></td>
<td>0</td>
<td>TestCases.Login@dc7df28</td></tr>
<tr>
<td title='TestCases.ClientTab.verifyAddingMultipleContacts()'><b>verifyAddingMultipleContacts</b><br>Test class: TestCases.ClientTab</td>
<td></td>
<td>10</td>
<td>TestCases.ClientTab@5884a914</td></tr>
<tr>
<td title='TestCases.Task.verifyAddTaskValidations()'><b>verifyAddTaskValidations</b><br>Test class: TestCases.Task</td>
<td></td>
<td>3</td>
<td>TestCases.Task@60f00693</td></tr>
<tr>
<td title='TestCases.ProjectTab.verifyDeletingProject()'><b>verifyDeletingProject</b><br>Test class: TestCases.ProjectTab</td>
<td></td>
<td>3</td>
<td>TestCases.ProjectTab@50378a4</td></tr>
<tr>
<td title='TestCases.Dashboard.verifyAdminDetails()'><b>verifyAdminDetails</b><br>Test class: TestCases.Dashboard</td>
<td></td>
<td>2</td>
<td>TestCases.Dashboard@7b4c50bc</td></tr>
<tr>
<td title='TestCases.Task.verifyAddingNewTask()'><b>verifyAddingNewTask</b><br>Test class: TestCases.Task</td>
<td></td>
<td>11</td>
<td>TestCases.Task@60f00693</td></tr>
<tr>
<td title='TestCases.ProjectTab.verifyAddingNewProject()'><b>verifyAddingNewProject</b><br>Test class: TestCases.ProjectTab</td>
<td></td>
<td>2</td>
<td>TestCases.ProjectTab@50378a4</td></tr>
<tr>
<td title='TestCases.ProjectTab.verifyAddProjectMandatoryValidations()'><b>verifyAddProjectMandatoryValidations</b><br>Test class: TestCases.ProjectTab</td>
<td></td>
<td>4</td>
<td>TestCases.ProjectTab@50378a4</td></tr>
<tr>
<td title='TestCases.ClientTab.verifyDeletingClient()'><b>verifyDeletingClient</b><br>Test class: TestCases.ClientTab</td>
<td></td>
<td>4</td>
<td>TestCases.ClientTab@5884a914</td></tr>
<tr>
<td title='TestCases.ProjectTab.verifyDeletinglabel()'><b>verifyDeletinglabel</b><br>Test class: TestCases.ProjectTab</td>
<td></td>
<td>0</td>
<td>TestCases.ProjectTab@50378a4</td></tr>
<tr>
<td title='TestCases.Login.verifyLoginPageMandatoryValidations()'><b>verifyLoginPageMandatoryValidations</b><br>Test class: TestCases.Login</td>
<td></td>
<td>0</td>
<td>TestCases.Login@dc7df28</td></tr>
<tr>
<td title='TestCases.ClientTab.verifySearchingNewlyAddedClient()'><b>verifySearchingNewlyAddedClient</b><br>Test class: TestCases.ClientTab</td>
<td></td>
<td>4</td>
<td>TestCases.ClientTab@5884a914</td></tr>
<tr>
<td title='TestCases.Login.verifyLogin()'><b>verifyLogin</b><br>Test class: TestCases.Login<br>Parameters: admin@admin.com</td>
<td></td>
<td>3</td>
<td>TestCases.Login@dc7df28</td></tr>
<tr>
<td title='TestCases.Dashboard.verifyAllTheTabsArePresent()'><b>verifyAllTheTabsArePresent</b><br>Test class: TestCases.Dashboard</td>
<td></td>
<td>0</td>
<td>TestCases.Dashboard@7b4c50bc</td></tr>
<tr>
<td title='TestCases.ProjectTab.verifyAddingNewLabel()'><b>verifyAddingNewLabel</b><br>Test class: TestCases.ProjectTab</td>
<td></td>
<td>4</td>
<td>TestCases.ProjectTab@50378a4</td></tr>
<tr>
<td title='TestCases.Dashboard.verifyApplicationLogoIsPresent()'><b>verifyApplicationLogoIsPresent</b><br>Test class: TestCases.Dashboard</td>
<td></td>
<td>0</td>
<td>TestCases.Dashboard@7b4c50bc</td></tr>
<tr>
<td title='TestCases.ProjectTab.verifyEditingProject()'><b>verifyEditingProject</b><br>Test class: TestCases.ProjectTab</td>
<td></td>
<td>3</td>
<td>TestCases.ProjectTab@50378a4</td></tr>
<tr>
<td title='TestCases.Dashboard.verifyAllHeaderbuttonsPresent()'><b>verifyAllHeaderbuttonsPresent</b><br>Test class: TestCases.Dashboard</td>
<td></td>
<td>0</td>
<td>TestCases.Dashboard@7b4c50bc</td></tr>
<tr>
<td title='TestCases.ClientTab.verifyAddingNewClient()'><b>verifyAddingNewClient</b><br>Test class: TestCases.ClientTab</td>
<td></td>
<td>4</td>
<td>TestCases.ClientTab@5884a914</td></tr>
<tr>
<td title='TestCases.ClientTab.verifyAddClientPopupMandatoryValidations()'><b>verifyAddClientPopupMandatoryValidations</b><br>Test class: TestCases.ClientTab</td>
<td></td>
<td>6</td>
<td>TestCases.ClientTab@5884a914</td></tr>
<tr>
<td title='TestCases.ProjectTab.verifySearchingNewlyAddedProject()'><b>verifySearchingNewlyAddedProject</b><br>Test class: TestCases.ProjectTab</td>
<td></td>
<td>0</td>
<td>TestCases.ProjectTab@50378a4</td></tr>
<tr>
<td title='TestCases.ClientTab.verifyDeletingMultipleContacts()'><b>verifyDeletingMultipleContacts</b><br>Test class: TestCases.ClientTab</td>
<td></td>
<td>0</td>
<td>TestCases.ClientTab@5884a914</td></tr>
<tr>
<td title='TestCases.Login.verifyApplication_UrlVerification()'><b>verifyApplication_UrlVerification</b><br>Test class: TestCases.Login</td>
<td></td>
<td>0</td>
<td>TestCases.Login@dc7df28</td></tr>
<tr>
<td title='TestCases.ClientTab.verifySearchingMultipleContacts()'><b>verifySearchingMultipleContacts</b><br>Test class: TestCases.ClientTab</td>
<td></td>
<td>3</td>
<td>TestCases.ClientTab@5884a914</td></tr>
</table><p>
</body>
</html>